0 info it worked if it ends with ok
1 verbose cli [ '/usr/local/bin/node', '/usr/local/bin/npm', 'install' ]
2 info using npm@3.8.6
3 info using node@v6.1.0
4 silly loadCurrentTree Starting
5 silly install loadCurrentTree
6 silly install readLocalPackageData
7 silly install normalizeTree
8 silly loadCurrentTree Finishing
9 silly loadIdealTree Starting
10 silly install loadIdealTree
11 silly cloneCurrentTree Starting
12 silly install cloneCurrentTreeToIdealTree
13 silly cloneCurrentTree Finishing
14 silly loadShrinkwrap Starting
15 silly install loadShrinkwrap
16 silly loadShrinkwrap Finishing
17 silly loadAllDepsIntoIdealTree Starting
18 silly install loadAllDepsIntoIdealTree
19 silly loadAllDepsIntoIdealTree Finishing
20 silly idealTree:prePrune udemy-nodejs-angular2@1.0.0
20 silly idealTree:prePrune ├── @angular/common@2.0.0-rc.1
20 silly idealTree:prePrune ├── @angular/compiler@2.0.0-rc.1
20 silly idealTree:prePrune ├── @angular/core@2.0.0-rc.1
20 silly idealTree:prePrune ├── @angular/http@2.0.0-rc.1
20 silly idealTree:prePrune ├── @angular/platform-browser-dynamic@2.0.0-rc.1
20 silly idealTree:prePrune ├── @angular/platform-browser@2.0.0-rc.1
20 silly idealTree:prePrune ├── @angular/router@2.0.0-rc.1
20 silly idealTree:prePrune ├── @angular/upgrade@2.0.0-rc.1
20 silly idealTree:prePrune ├── @angular2-material/button-toggle@2.0.0-alpha.8-1
20 silly idealTree:prePrune ├── @angular2-material/button@2.0.0-alpha.8-1
20 silly idealTree:prePrune ├── @angular2-material/card@2.0.0-alpha.8-1
20 silly idealTree:prePrune ├── @angular2-material/checkbox@2.0.0-alpha.8-1
20 silly idealTree:prePrune ├── @angular2-material/core@2.0.0-alpha.8-1
20 silly idealTree:prePrune ├── @angular2-material/grid-list@2.0.0-alpha.8-1
20 silly idealTree:prePrune ├── @angular2-material/icon@2.0.0-alpha.8-1
20 silly idealTree:prePrune ├── @angular2-material/input@2.0.0-alpha.8-1
20 silly idealTree:prePrune ├── @angular2-material/list@2.0.0-alpha.8-1
20 silly idealTree:prePrune ├── @angular2-material/menu@2.0.0-alpha.8-1
20 silly idealTree:prePrune ├── @angular2-material/progress-bar@2.0.0-alpha.8-1
20 silly idealTree:prePrune ├── @angular2-material/progress-circle@2.0.0-alpha.8-1
20 silly idealTree:prePrune ├── @angular2-material/radio@2.0.0-alpha.8-1
20 silly idealTree:prePrune ├── @angular2-material/sidenav@2.0.0-alpha.8-1
20 silly idealTree:prePrune ├── @angular2-material/tabs@2.0.0-alpha.8-1
20 silly idealTree:prePrune ├── @angular2-material/toolbar@2.0.0-alpha.8-1
20 silly idealTree:prePrune ├── @angular2-material/tooltip@2.0.0-alpha.8-1
20 silly idealTree:prePrune ├── abbrev@1.0.9
20 silly idealTree:prePrune ├── accepts@1.2.13
20 silly idealTree:prePrune ├─┬ agent-base@2.0.1
20 silly idealTree:prePrune │ └── semver@5.0.3
20 silly idealTree:prePrune ├── amdefine@1.0.0
20 silly idealTree:prePrune ├── ansi-regex@2.0.0
20 silly idealTree:prePrune ├── ansi-styles@2.2.1
20 silly idealTree:prePrune ├── any-promise@1.3.0
20 silly idealTree:prePrune ├── archy@1.0.0
20 silly idealTree:prePrune ├── arr-diff@2.0.0
20 silly idealTree:prePrune ├── arr-flatten@1.0.1
20 silly idealTree:prePrune ├── array-differ@1.0.0
20 silly idealTree:prePrune ├── array-find-index@1.0.1
20 silly idealTree:prePrune ├── array-flatten@1.1.1
20 silly idealTree:prePrune ├── array-uniq@1.0.3
20 silly idealTree:prePrune ├── array-unique@0.2.1
20 silly idealTree:prePrune ├── arrify@1.0.1
20 silly idealTree:prePrune ├── async@0.2.10
20 silly idealTree:prePrune ├── balanced-match@0.4.2
20 silly idealTree:prePrune ├── basic-auth@1.0.4
20 silly idealTree:prePrune ├── beeper@1.1.0
20 silly idealTree:prePrune ├── bluebird@3.4.1
20 silly idealTree:prePrune ├── body-parser@1.13.3
20 silly idealTree:prePrune ├─┬ boxen@0.3.1
20 silly idealTree:prePrune │ └── object-assign@4.1.0
20 silly idealTree:prePrune ├── brace-expansion@1.1.6
20 silly idealTree:prePrune ├── braces@1.8.5
20 silly idealTree:prePrune ├── bson@0.5.4
20 silly idealTree:prePrune ├── buffer-shims@1.0.0
20 silly idealTree:prePrune ├── builtin-modules@1.1.1
20 silly idealTree:prePrune ├── bytes@2.1.0
20 silly idealTree:prePrune ├── camelcase-keys@2.1.0
20 silly idealTree:prePrune ├── camelcase@2.1.1
20 silly idealTree:prePrune ├── capture-stack-trace@1.0.0
20 silly idealTree:prePrune ├── chalk@1.1.3
20 silly idealTree:prePrune ├── clone-stats@0.0.1
20 silly idealTree:prePrune ├── clone@1.0.2
20 silly idealTree:prePrune ├── code-point-at@1.0.0
20 silly idealTree:prePrune ├── columnify@1.5.4
20 silly idealTree:prePrune ├── combined-stream@0.0.7
20 silly idealTree:prePrune ├── concat-map@0.0.1
20 silly idealTree:prePrune ├─┬ concat-stream@1.5.1
20 silly idealTree:prePrune │ ├── isarray@1.0.0
20 silly idealTree:prePrune │ └── readable-stream@2.0.6
20 silly idealTree:prePrune ├─┬ configstore@2.0.0
20 silly idealTree:prePrune │ └── object-assign@4.1.0
20 silly idealTree:prePrune ├── content-disposition@0.5.1
20 silly idealTree:prePrune ├── content-type@1.0.2
20 silly idealTree:prePrune ├── convert-source-map@1.3.0
20 silly idealTree:prePrune ├── cookie-parser@1.3.5
20 silly idealTree:prePrune ├── cookie-signature@1.0.6
20 silly idealTree:prePrune ├── cookie@0.1.3
20 silly idealTree:prePrune ├── core-util-is@1.0.2
20 silly idealTree:prePrune ├── create-error-class@3.0.2
20 silly idealTree:prePrune ├── currently-unhandled@0.4.1
20 silly idealTree:prePrune ├── dateformat@1.0.12
20 silly idealTree:prePrune ├── debug@2.2.0
20 silly idealTree:prePrune ├── decamelize@1.2.0
20 silly idealTree:prePrune ├── deep-extend@0.4.1
20 silly idealTree:prePrune ├── defaults@1.0.3
20 silly idealTree:prePrune ├── delayed-stream@0.0.5
20 silly idealTree:prePrune ├── depd@1.0.1
20 silly idealTree:prePrune ├── deprecated@0.0.1
20 silly idealTree:prePrune ├── destroy@1.0.4
20 silly idealTree:prePrune ├── detect-file@0.1.0
20 silly idealTree:prePrune ├── detect-indent@4.0.0
20 silly idealTree:prePrune ├── dot-prop@2.4.0
20 silly idealTree:prePrune ├── duplexer2@0.0.2
20 silly idealTree:prePrune ├─┬ duplexify@3.4.5
20 silly idealTree:prePrune │ ├── end-of-stream@1.0.0
20 silly idealTree:prePrune │ ├── isarray@1.0.0
20 silly idealTree:prePrune │ └── readable-stream@2.1.5
20 silly idealTree:prePrune ├── ee-first@1.1.1
20 silly idealTree:prePrune ├── end-of-stream@0.1.5
20 silly idealTree:prePrune ├── error-ex@1.3.0
20 silly idealTree:prePrune ├── es6-promise@3.2.1
20 silly idealTree:prePrune ├── es6-shim@0.35.1
20 silly idealTree:prePrune ├── escape-html@1.0.3
20 silly idealTree:prePrune ├── escape-string-regexp@1.0.5
20 silly idealTree:prePrune ├── etag@1.7.0
20 silly idealTree:prePrune ├── expand-brackets@0.1.5
20 silly idealTree:prePrune ├── expand-range@1.8.2
20 silly idealTree:prePrune ├── expand-tilde@1.2.2
20 silly idealTree:prePrune ├─┬ express@4.13.4
20 silly idealTree:prePrune │ ├── cookie@0.1.5
20 silly idealTree:prePrune │ └── depd@1.1.0
20 silly idealTree:prePrune ├── extend-shallow@2.0.1
20 silly idealTree:prePrune ├── extend@3.0.0
20 silly idealTree:prePrune ├── extglob@0.3.2
20 silly idealTree:prePrune ├── fancy-log@1.2.0
20 silly idealTree:prePrune ├── filename-regex@2.0.0
20 silly idealTree:prePrune ├── fill-range@2.2.3
20 silly idealTree:prePrune ├── filled-array@1.1.0
20 silly idealTree:prePrune ├── finalhandler@0.4.1
20 silly idealTree:prePrune ├── find-index@0.1.1
20 silly idealTree:prePrune ├── find-up@1.1.2
20 silly idealTree:prePrune ├── findup-sync@0.4.2
20 silly idealTree:prePrune ├─┬ fined@1.0.1
20 silly idealTree:prePrune │ └── lodash.isarray@4.0.0
20 silly idealTree:prePrune ├── first-chunk-stream@1.0.0
20 silly idealTree:prePrune ├── flagged-respawn@0.3.2
20 silly idealTree:prePrune ├── for-in@0.1.5
20 silly idealTree:prePrune ├── for-own@0.1.4
20 silly idealTree:prePrune ├── forEachAsync@2.2.1
20 silly idealTree:prePrune ├─┬ form-data@0.2.0
20 silly idealTree:prePrune │ ├── async@0.9.2
20 silly idealTree:prePrune │ ├── mime-db@1.12.0
20 silly idealTree:prePrune │ └── mime-types@2.0.14
20 silly idealTree:prePrune ├── forwarded@0.1.0
20 silly idealTree:prePrune ├── fresh@0.3.0
20 silly idealTree:prePrune ├── fs-exists-sync@0.1.0
20 silly idealTree:prePrune ├── fs.realpath@1.0.0
20 silly idealTree:prePrune ├── function-bind@1.1.0
20 silly idealTree:prePrune ├── gaze@0.5.2
20 silly idealTree:prePrune ├── get-stdin@4.0.1
20 silly idealTree:prePrune ├── glob-base@0.3.0
20 silly idealTree:prePrune ├── glob-parent@2.0.0
20 silly idealTree:prePrune ├─┬ glob-stream@3.1.18
20 silly idealTree:prePrune │ ├── readable-stream@1.0.34
20 silly idealTree:prePrune │ └── through2@0.6.5
20 silly idealTree:prePrune ├── glob-watcher@0.0.6
20 silly idealTree:prePrune ├── glob@4.5.3
20 silly idealTree:prePrune ├── glob2base@0.0.12
20 silly idealTree:prePrune ├── global-modules@0.2.3
20 silly idealTree:prePrune ├── global-prefix@0.1.4
20 silly idealTree:prePrune ├─┬ globule@0.1.0
20 silly idealTree:prePrune │ ├── glob@3.1.21
20 silly idealTree:prePrune │ ├── graceful-fs@1.2.3
20 silly idealTree:prePrune │ ├── inherits@1.0.2
20 silly idealTree:prePrune │ └── minimatch@0.2.14
20 silly idealTree:prePrune ├── glogg@1.0.0
20 silly idealTree:prePrune ├─┬ got@5.6.0
20 silly idealTree:prePrune │ ├── duplexer2@0.1.4
20 silly idealTree:prePrune │ ├── isarray@1.0.0
20 silly idealTree:prePrune │ ├── object-assign@4.1.0
20 silly idealTree:prePrune │ └── readable-stream@2.1.5
20 silly idealTree:prePrune ├── graceful-fs@4.1.6
20 silly idealTree:prePrune ├─┬ gulp-sourcemaps@1.6.0
20 silly idealTree:prePrune │ └── vinyl@1.2.0
20 silly idealTree:prePrune ├─┬ gulp-typescript@2.13.6
20 silly idealTree:prePrune │ ├─┬ glob-stream@5.3.2
20 silly idealTree:prePrune │ │ ├── isarray@0.0.1
20 silly idealTree:prePrune │ │ ├── readable-stream@1.0.34
20 silly idealTree:prePrune │ │ └── through2@0.6.5
20 silly idealTree:prePrune │ ├── glob@5.0.15
20 silly idealTree:prePrune │ ├── isarray@1.0.0
20 silly idealTree:prePrune │ ├── object-assign@4.1.0
20 silly idealTree:prePrune │ ├── ordered-read-streams@0.3.0
20 silly idealTree:prePrune │ ├── readable-stream@2.1.5
20 silly idealTree:prePrune │ ├── source-map@0.5.6
20 silly idealTree:prePrune │ ├── unique-stream@2.2.1
20 silly idealTree:prePrune │ ├── vinyl-fs@2.4.3
20 silly idealTree:prePrune │ └── vinyl@1.2.0
20 silly idealTree:prePrune ├─┬ gulp-util@3.0.7
20 silly idealTree:prePrune │ └── minimist@1.2.0
20 silly idealTree:prePrune ├─┬ gulp@3.9.1
20 silly idealTree:prePrune │ └── minimist@1.2.0
20 silly idealTree:prePrune ├── gulplog@1.0.0
20 silly idealTree:prePrune ├── handlebars@3.0.0
20 silly idealTree:prePrune ├── has-ansi@2.0.0
20 silly idealTree:prePrune ├── has-gulplog@0.1.0
20 silly idealTree:prePrune ├── has@1.0.1
20 silly idealTree:prePrune ├── hbs@3.1.1
20 silly idealTree:prePrune ├── hooks-fixed@1.2.0
20 silly idealTree:prePrune ├── hosted-git-info@2.1.5
20 silly idealTree:prePrune ├── http-errors@1.3.1
20 silly idealTree:prePrune ├── http-proxy-agent@1.0.0
20 silly idealTree:prePrune ├── https-proxy-agent@1.0.0
20 silly idealTree:prePrune ├── iconv-lite@0.4.11
20 silly idealTree:prePrune ├── imurmurhash@0.1.4
20 silly idealTree:prePrune ├── indent-string@2.1.0
20 silly idealTree:prePrune ├── inflight@1.0.5
20 silly idealTree:prePrune ├── inherits@2.0.1
20 silly idealTree:prePrune ├── ini@1.3.4
20 silly idealTree:prePrune ├── interpret@1.0.1
20 silly idealTree:prePrune ├── invariant@2.2.1
20 silly idealTree:prePrune ├── ipaddr.js@1.0.5
20 silly idealTree:prePrune ├─┬ is-absolute@0.2.5
20 silly idealTree:prePrune │ └── is-windows@0.1.1
20 silly idealTree:prePrune ├── is-arrayish@0.2.1
20 silly idealTree:prePrune ├── is-buffer@1.1.4
20 silly idealTree:prePrune ├── is-builtin-module@1.0.0
20 silly idealTree:prePrune ├── is-dotfile@1.0.2
20 silly idealTree:prePrune ├── is-equal-shallow@0.1.3
20 silly idealTree:prePrune ├── is-extendable@0.1.1
20 silly idealTree:prePrune ├── is-extglob@1.0.0
20 silly idealTree:prePrune ├── is-finite@1.0.1
20 silly idealTree:prePrune ├── is-fullwidth-code-point@1.0.0
20 silly idealTree:prePrune ├── is-glob@2.0.1
20 silly idealTree:prePrune ├── is-npm@1.0.0
20 silly idealTree:prePrune ├── is-number@2.1.0
20 silly idealTree:prePrune ├── is-obj@1.0.1
20 silly idealTree:prePrune ├── is-plain-obj@1.1.0
20 silly idealTree:prePrune ├── is-posix-bracket@0.1.1
20 silly idealTree:prePrune ├── is-primitive@2.0.0
20 silly idealTree:prePrune ├── is-redirect@1.0.0
20 silly idealTree:prePrune ├── is-relative@0.2.1
20 silly idealTree:prePrune ├── is-retry-allowed@1.1.0
20 silly idealTree:prePrune ├── is-stream@1.1.0
20 silly idealTree:prePrune ├── is-unc-path@0.1.1
20 silly idealTree:prePrune ├── is-utf8@0.2.1
20 silly idealTree:prePrune ├── is-valid-glob@0.3.0
20 silly idealTree:prePrune ├── is-windows@0.2.0
20 silly idealTree:prePrune ├── isarray@0.0.1
20 silly idealTree:prePrune ├── isexe@1.1.2
20 silly idealTree:prePrune ├─┬ isobject@2.1.0
20 silly idealTree:prePrune │ └── isarray@1.0.0
20 silly idealTree:prePrune ├── js-tokens@1.0.3
20 silly idealTree:prePrune ├── json-stable-stringify@1.0.1
20 silly idealTree:prePrune ├── jsonify@0.0.0
20 silly idealTree:prePrune ├── kareem@1.1.3
20 silly idealTree:prePrune ├── kind-of@3.0.4
20 silly idealTree:prePrune ├── latest-version@2.0.0
20 silly idealTree:prePrune ├─┬ lazystream@1.0.0
20 silly idealTree:prePrune │ ├── isarray@1.0.0
20 silly idealTree:prePrune │ └── readable-stream@2.1.5
20 silly idealTree:prePrune ├── liftoff@2.3.0
20 silly idealTree:prePrune ├── listify@1.0.0
20 silly idealTree:prePrune ├── load-json-file@1.1.0
20 silly idealTree:prePrune ├── lockfile@1.0.1
20 silly idealTree:prePrune ├── lodash._basecopy@3.0.1
20 silly idealTree:prePrune ├── lodash._basetostring@3.0.1
20 silly idealTree:prePrune ├── lodash._basevalues@3.0.0
20 silly idealTree:prePrune ├── lodash._getnative@3.9.1
20 silly idealTree:prePrune ├── lodash._isiterateecall@3.0.9
20 silly idealTree:prePrune ├── lodash._reescape@3.0.0
20 silly idealTree:prePrune ├── lodash._reevaluate@3.0.0
20 silly idealTree:prePrune ├── lodash._reinterpolate@3.0.0
20 silly idealTree:prePrune ├── lodash._root@3.0.1
20 silly idealTree:prePrune ├── lodash.assignwith@4.2.0
20 silly idealTree:prePrune ├── lodash.escape@3.2.0
20 silly idealTree:prePrune ├── lodash.isarguments@3.1.0
20 silly idealTree:prePrune ├── lodash.isarray@3.0.4
20 silly idealTree:prePrune ├── lodash.isempty@4.4.0
20 silly idealTree:prePrune ├── lodash.isequal@4.4.0
20 silly idealTree:prePrune ├── lodash.isplainobject@4.0.6
20 silly idealTree:prePrune ├── lodash.isstring@4.0.1
20 silly idealTree:prePrune ├── lodash.keys@3.1.2
20 silly idealTree:prePrune ├── lodash.mapvalues@4.6.0
20 silly idealTree:prePrune ├── lodash.pick@4.4.0
20 silly idealTree:prePrune ├── lodash.restparam@3.6.1
20 silly idealTree:prePrune ├── lodash.template@3.6.2
20 silly idealTree:prePrune ├── lodash.templatesettings@3.1.1
20 silly idealTree:prePrune ├── lodash@1.0.2
20 silly idealTree:prePrune ├── loose-envify@1.2.0
20 silly idealTree:prePrune ├── loud-rejection@1.6.0
20 silly idealTree:prePrune ├── lowercase-keys@1.0.0
20 silly idealTree:prePrune ├── lru-cache@2.7.3
20 silly idealTree:prePrune ├── make-error-cause@1.2.1
20 silly idealTree:prePrune ├── make-error@1.2.0
20 silly idealTree:prePrune ├── map-cache@0.2.2
20 silly idealTree:prePrune ├── map-obj@1.0.1
20 silly idealTree:prePrune ├── media-typer@0.3.0
20 silly idealTree:prePrune ├─┬ meow@3.7.0
20 silly idealTree:prePrune │ ├── minimist@1.2.0
20 silly idealTree:prePrune │ └── object-assign@4.1.0
20 silly idealTree:prePrune ├── merge-descriptors@1.0.1
20 silly idealTree:prePrune ├─┬ merge-stream@1.0.0
20 silly idealTree:prePrune │ ├── isarray@1.0.0
20 silly idealTree:prePrune │ └── readable-stream@2.1.5
20 silly idealTree:prePrune ├── methods@1.1.2
20 silly idealTree:prePrune ├── micromatch@2.3.11
20 silly idealTree:prePrune ├── mime-db@1.23.0
20 silly idealTree:prePrune ├── mime-types@2.1.11
20 silly idealTree:prePrune ├── mime@1.3.4
20 silly idealTree:prePrune ├── minimatch@2.0.10
20 silly idealTree:prePrune ├── minimist@0.0.10
20 silly idealTree:prePrune ├─┬ mkdirp@0.5.1
20 silly idealTree:prePrune │ └── minimist@0.0.8
20 silly idealTree:prePrune ├── mongodb-core@2.0.11
20 silly idealTree:prePrune ├─┬ mongodb@2.2.9
20 silly idealTree:prePrune │ ├── isarray@1.0.0
20 silly idealTree:prePrune │ └── readable-stream@2.1.5
20 silly idealTree:prePrune ├─┬ mongoose@4.6.0
20 silly idealTree:prePrune │ └── async@1.5.2
20 silly idealTree:prePrune ├── morgan@1.6.1
20 silly idealTree:prePrune ├── mpath@0.2.1
20 silly idealTree:prePrune ├── mpromise@0.5.5
20 silly idealTree:prePrune ├─┬ mquery@1.11.0
20 silly idealTree:prePrune │ ├── bluebird@2.10.2
20 silly idealTree:prePrune │ └── sliced@0.0.5
20 silly idealTree:prePrune ├── ms@0.7.1
20 silly idealTree:prePrune ├── multipipe@0.1.2
20 silly idealTree:prePrune ├── muri@1.1.0
20 silly idealTree:prePrune ├── natives@1.0.1
20 silly idealTree:prePrune ├── negotiator@0.5.3
20 silly idealTree:prePrune ├── node-status-codes@1.0.0
20 silly idealTree:prePrune ├── nopt@1.0.10
20 silly idealTree:prePrune ├── normalize-package-data@2.3.5
20 silly idealTree:prePrune ├── normalize-path@2.0.1
20 silly idealTree:prePrune ├── number-is-nan@1.0.0
20 silly idealTree:prePrune ├── object-assign@3.0.0
20 silly idealTree:prePrune ├── object.omit@2.0.0
20 silly idealTree:prePrune ├── object.pick@1.1.2
20 silly idealTree:prePrune ├── on-finished@2.3.0
20 silly idealTree:prePrune ├── on-headers@1.0.1
20 silly idealTree:prePrune ├── once@1.3.3
20 silly idealTree:prePrune ├── optimist@0.6.1
20 silly idealTree:prePrune ├── orchestrator@0.3.7
20 silly idealTree:prePrune ├── ordered-read-streams@0.1.0
20 silly idealTree:prePrune ├── os-homedir@1.0.1
20 silly idealTree:prePrune ├── os-tmpdir@1.0.1
20 silly idealTree:prePrune ├── osenv@0.1.3
20 silly idealTree:prePrune ├─┬ package-json@2.3.3
20 silly idealTree:prePrune │ └── semver@5.3.0
20 silly idealTree:prePrune ├── parse-filepath@1.0.1
20 silly idealTree:prePrune ├── parse-glob@3.0.4
20 silly idealTree:prePrune ├── parse-json@2.2.0
20 silly idealTree:prePrune ├── parseurl@1.3.1
20 silly idealTree:prePrune ├── path-exists@2.1.0
20 silly idealTree:prePrune ├── path-is-absolute@1.0.0
20 silly idealTree:prePrune ├── path-root-regex@0.1.2
20 silly idealTree:prePrune ├── path-root@0.1.1
20 silly idealTree:prePrune ├── path-to-regexp@0.1.7
20 silly idealTree:prePrune ├── path-type@1.1.0
20 silly idealTree:prePrune ├── pify@2.3.0
20 silly idealTree:prePrune ├── pinkie-promise@2.0.1
20 silly idealTree:prePrune ├── pinkie@2.0.4
20 silly idealTree:prePrune ├── popsicle-proxy-agent@1.0.0
20 silly idealTree:prePrune ├── popsicle-retry@2.0.0
20 silly idealTree:prePrune ├── popsicle-status@1.0.2
20 silly idealTree:prePrune ├── popsicle@5.0.1
20 silly idealTree:prePrune ├── prepend-http@1.0.4
20 silly idealTree:prePrune ├── preserve@0.2.0
20 silly idealTree:prePrune ├── pretty-hrtime@1.0.2
20 silly idealTree:prePrune ├── process-nextick-args@1.0.7
20 silly idealTree:prePrune ├── promise-finally@2.2.1
20 silly idealTree:prePrune ├── proxy-addr@1.0.10
20 silly idealTree:prePrune ├── qs@4.0.0
20 silly idealTree:prePrune ├── randomatic@1.1.5
20 silly idealTree:prePrune ├── range-parser@1.0.3
20 silly idealTree:prePrune ├─┬ raw-body@2.1.7
20 silly idealTree:prePrune │ ├── bytes@2.4.0
20 silly idealTree:prePrune │ └── iconv-lite@0.4.13
20 silly idealTree:prePrune ├─┬ rc@1.1.6
20 silly idealTree:prePrune │ └── minimist@1.2.0
20 silly idealTree:prePrune ├─┬ read-all-stream@3.1.0
20 silly idealTree:prePrune │ ├── isarray@1.0.0
20 silly idealTree:prePrune │ └── readable-stream@2.1.5
20 silly idealTree:prePrune ├── read-pkg-up@1.0.1
20 silly idealTree:prePrune ├── read-pkg@1.1.0
20 silly idealTree:prePrune ├── readable-stream@1.1.14
20 silly idealTree:prePrune ├── rechoir@0.6.2
20 silly idealTree:prePrune ├── redent@1.0.0
20 silly idealTree:prePrune ├── reflect-metadata@0.1.8
20 silly idealTree:prePrune ├── regex-cache@0.4.3
20 silly idealTree:prePrune ├── regexp-clone@0.0.1
20 silly idealTree:prePrune ├── registry-url@3.1.0
20 silly idealTree:prePrune ├── repeat-element@1.1.2
20 silly idealTree:prePrune ├── repeat-string@1.5.4
20 silly idealTree:prePrune ├── repeating@2.0.1
20 silly idealTree:prePrune ├── replace-ext@0.0.1
20 silly idealTree:prePrune ├─┬ require_optional@1.0.0
20 silly idealTree:prePrune │ └── semver@5.3.0
20 silly idealTree:prePrune ├── resolve-dir@0.1.1
20 silly idealTree:prePrune ├── resolve-from@2.0.0
20 silly idealTree:prePrune ├── resolve@1.1.7
20 silly idealTree:prePrune ├─┬ rimraf@2.5.4
20 silly idealTree:prePrune │ ├── glob@7.0.5
20 silly idealTree:prePrune │ └── minimatch@3.0.3
20 silly idealTree:prePrune ├── rxjs@5.0.0-beta.6
20 silly idealTree:prePrune ├─┬ semver-diff@2.1.0
20 silly idealTree:prePrune │ └── semver@5.3.0
20 silly idealTree:prePrune ├── semver@4.3.6
20 silly idealTree:prePrune ├─┬ send@0.13.1
20 silly idealTree:prePrune │ ├── depd@1.1.0
20 silly idealTree:prePrune │ └── statuses@1.2.1
20 silly idealTree:prePrune ├── sequence@2.2.1
20 silly idealTree:prePrune ├── sequencify@0.0.7
20 silly idealTree:prePrune ├── serve-favicon@2.3.0
20 silly idealTree:prePrune ├─┬ serve-static@1.10.3
20 silly idealTree:prePrune │ ├── depd@1.1.0
20 silly idealTree:prePrune │ ├── send@0.13.2
20 silly idealTree:prePrune │ └── statuses@1.2.1
20 silly idealTree:prePrune ├── sigmund@1.0.1
20 silly idealTree:prePrune ├── signal-exit@3.0.0
20 silly idealTree:prePrune ├── sliced@1.0.1
20 silly idealTree:prePrune ├── slide@1.1.6
20 silly idealTree:prePrune ├── sort-keys@1.1.2
20 silly idealTree:prePrune ├── source-map@0.1.43
20 silly idealTree:prePrune ├── sparkles@1.0.0
20 silly idealTree:prePrune ├── spdx-correct@1.0.2
20 silly idealTree:prePrune ├── spdx-exceptions@1.0.5
20 silly idealTree:prePrune ├── spdx-expression-parse@1.0.2
20 silly idealTree:prePrune ├── spdx-license-ids@1.2.2
20 silly idealTree:prePrune ├── statuses@1.3.0
20 silly idealTree:prePrune ├── stream-consume@0.1.0
20 silly idealTree:prePrune ├── stream-shift@1.0.0
20 silly idealTree:prePrune ├── string_decoder@0.10.31
20 silly idealTree:prePrune ├── string-template@1.0.0
20 silly idealTree:prePrune ├── string-width@1.0.2
20 silly idealTree:prePrune ├── strip-ansi@3.0.1
20 silly idealTree:prePrune ├── strip-bom-stream@1.0.0
20 silly idealTree:prePrune ├── strip-bom@2.0.0
20 silly idealTree:prePrune ├── strip-indent@1.0.1
20 silly idealTree:prePrune ├── strip-json-comments@1.0.4
20 silly idealTree:prePrune ├── supports-color@2.0.0
20 silly idealTree:prePrune ├── systemjs@0.19.27
20 silly idealTree:prePrune ├── thenify@3.2.0
20 silly idealTree:prePrune ├── throat@2.0.2
20 silly idealTree:prePrune ├── through2-filter@2.0.0
20 silly idealTree:prePrune ├─┬ through2@2.0.1
20 silly idealTree:prePrune │ ├── isarray@1.0.0
20 silly idealTree:prePrune │ └── readable-stream@2.0.6
20 silly idealTree:prePrune ├── tildify@1.2.0
20 silly idealTree:prePrune ├── time-stamp@1.0.1
20 silly idealTree:prePrune ├── timed-out@2.0.0
20 silly idealTree:prePrune ├── to-absolute-glob@0.1.1
20 silly idealTree:prePrune ├── touch@1.0.0
20 silly idealTree:prePrune ├── tough-cookie@2.3.1
20 silly idealTree:prePrune ├── trim-newlines@1.0.0
20 silly idealTree:prePrune ├── type-is@1.6.13
20 silly idealTree:prePrune ├── typedarray@0.0.6
20 silly idealTree:prePrune ├── typescript@1.8.10
20 silly idealTree:prePrune ├── typings-core@0.3.1
20 silly idealTree:prePrune ├─┬ typings@0.8.1
20 silly idealTree:prePrune │ ├── minimist@1.2.0
20 silly idealTree:prePrune │ └── wordwrap@1.0.0
20 silly idealTree:prePrune ├─┬ uglify-js@2.3.6
20 silly idealTree:prePrune │ └── optimist@0.3.7
20 silly idealTree:prePrune ├── unc-path-regex@0.1.2
20 silly idealTree:prePrune ├── unique-stream@1.0.0
20 silly idealTree:prePrune ├── unpipe@1.0.0
20 silly idealTree:prePrune ├── unzip-response@1.0.0
20 silly idealTree:prePrune ├── update-notifier@0.6.3
20 silly idealTree:prePrune ├── url-parse-lax@1.0.0
20 silly idealTree:prePrune ├── user-home@1.1.1
20 silly idealTree:prePrune ├── util-deprecate@1.0.2
20 silly idealTree:prePrune ├── utils-merge@1.0.0
20 silly idealTree:prePrune ├── uuid@2.0.2
20 silly idealTree:prePrune ├── v8flags@2.0.11
20 silly idealTree:prePrune ├── vali-date@1.0.0
20 silly idealTree:prePrune ├── validate-npm-package-license@3.0.1
20 silly idealTree:prePrune ├── vary@1.0.1
20 silly idealTree:prePrune ├─┬ vinyl-fs@0.3.14
20 silly idealTree:prePrune │ ├── clone@0.2.0
20 silly idealTree:prePrune │ ├── graceful-fs@3.0.10
20 silly idealTree:prePrune │ ├── readable-stream@1.0.34
20 silly idealTree:prePrune │ ├── strip-bom@1.0.0
20 silly idealTree:prePrune │ ├── through2@0.6.5
20 silly idealTree:prePrune │ └── vinyl@0.4.6
20 silly idealTree:prePrune ├── vinyl@0.5.3
20 silly idealTree:prePrune ├── walk@2.2.1
20 silly idealTree:prePrune ├── wcwidth@1.0.1
20 silly idealTree:prePrune ├── when@3.7.7
20 silly idealTree:prePrune ├── which@1.2.10
20 silly idealTree:prePrune ├── widest-line@1.0.0
20 silly idealTree:prePrune ├── wordwrap@0.0.3
20 silly idealTree:prePrune ├── wrappy@1.0.2
20 silly idealTree:prePrune ├── write-file-atomic@1.2.0
20 silly idealTree:prePrune ├── xdg-basedir@2.0.0
20 silly idealTree:prePrune ├── xtend@4.0.1
20 silly idealTree:prePrune ├── zip-object@0.1.0
20 silly idealTree:prePrune └── zone.js@0.6.17
21 silly loadIdealTree Finishing
22 silly currentTree udemy-nodejs-angular2@1.0.0
22 silly currentTree ├── @angular/common@2.0.0-rc.1
22 silly currentTree ├── @angular/compiler@2.0.0-rc.1
22 silly currentTree ├── @angular/core@2.0.0-rc.1
22 silly currentTree ├── @angular/http@2.0.0-rc.1
22 silly currentTree ├── @angular/platform-browser-dynamic@2.0.0-rc.1
22 silly currentTree ├── @angular/platform-browser@2.0.0-rc.1
22 silly currentTree ├── @angular/router@2.0.0-rc.1
22 silly currentTree ├── @angular/upgrade@2.0.0-rc.1
22 silly currentTree ├── @angular2-material/button-toggle@2.0.0-alpha.8-1
22 silly currentTree ├── @angular2-material/button@2.0.0-alpha.8-1
22 silly currentTree ├── @angular2-material/card@2.0.0-alpha.8-1
22 silly currentTree ├── @angular2-material/checkbox@2.0.0-alpha.8-1
22 silly currentTree ├── @angular2-material/core@2.0.0-alpha.8-1
22 silly currentTree ├── @angular2-material/grid-list@2.0.0-alpha.8-1
22 silly currentTree ├── @angular2-material/icon@2.0.0-alpha.8-1
22 silly currentTree ├── @angular2-material/input@2.0.0-alpha.8-1
22 silly currentTree ├── @angular2-material/list@2.0.0-alpha.8-1
22 silly currentTree ├── @angular2-material/menu@2.0.0-alpha.8-1
22 silly currentTree ├── @angular2-material/progress-bar@2.0.0-alpha.8-1
22 silly currentTree ├── @angular2-material/progress-circle@2.0.0-alpha.8-1
22 silly currentTree ├── @angular2-material/radio@2.0.0-alpha.8-1
22 silly currentTree ├── @angular2-material/sidenav@2.0.0-alpha.8-1
22 silly currentTree ├── @angular2-material/tabs@2.0.0-alpha.8-1
22 silly currentTree ├── @angular2-material/toolbar@2.0.0-alpha.8-1
22 silly currentTree ├── @angular2-material/tooltip@2.0.0-alpha.8-1
22 silly currentTree ├── abbrev@1.0.9
22 silly currentTree ├── accepts@1.2.13
22 silly currentTree ├─┬ agent-base@2.0.1
22 silly currentTree │ └── semver@5.0.3
22 silly currentTree ├── amdefine@1.0.0
22 silly currentTree ├── ansi-regex@2.0.0
22 silly currentTree ├── ansi-styles@2.2.1
22 silly currentTree ├── any-promise@1.3.0
22 silly currentTree ├── archy@1.0.0
22 silly currentTree ├── arr-diff@2.0.0
22 silly currentTree ├── arr-flatten@1.0.1
22 silly currentTree ├── array-differ@1.0.0
22 silly currentTree ├── array-find-index@1.0.1
22 silly currentTree ├── array-flatten@1.1.1
22 silly currentTree ├── array-uniq@1.0.3
22 silly currentTree ├── array-unique@0.2.1
22 silly currentTree ├── arrify@1.0.1
22 silly currentTree ├── async@0.2.10
22 silly currentTree ├── balanced-match@0.4.2
22 silly currentTree ├── basic-auth@1.0.4
22 silly currentTree ├── beeper@1.1.0
22 silly currentTree ├── bluebird@3.4.1
22 silly currentTree ├── body-parser@1.13.3
22 silly currentTree ├─┬ boxen@0.3.1
22 silly currentTree │ └── object-assign@4.1.0
22 silly currentTree ├── brace-expansion@1.1.6
22 silly currentTree ├── braces@1.8.5
22 silly currentTree ├── bson@0.5.4
22 silly currentTree ├── buffer-shims@1.0.0
22 silly currentTree ├── builtin-modules@1.1.1
22 silly currentTree ├── bytes@2.1.0
22 silly currentTree ├── camelcase-keys@2.1.0
22 silly currentTree ├── camelcase@2.1.1
22 silly currentTree ├── capture-stack-trace@1.0.0
22 silly currentTree ├── chalk@1.1.3
22 silly currentTree ├── clone-stats@0.0.1
22 silly currentTree ├── clone@1.0.2
22 silly currentTree ├── code-point-at@1.0.0
22 silly currentTree ├── columnify@1.5.4
22 silly currentTree ├── combined-stream@0.0.7
22 silly currentTree ├── concat-map@0.0.1
22 silly currentTree ├─┬ concat-stream@1.5.1
22 silly currentTree │ ├── isarray@1.0.0
22 silly currentTree │ └── readable-stream@2.0.6
22 silly currentTree ├─┬ configstore@2.0.0
22 silly currentTree │ └── object-assign@4.1.0
22 silly currentTree ├── content-disposition@0.5.1
22 silly currentTree ├── content-type@1.0.2
22 silly currentTree ├── convert-source-map@1.3.0
22 silly currentTree ├── cookie-parser@1.3.5
22 silly currentTree ├── cookie-signature@1.0.6
22 silly currentTree ├── cookie@0.1.3
22 silly currentTree ├── core-util-is@1.0.2
22 silly currentTree ├── create-error-class@3.0.2
22 silly currentTree ├── currently-unhandled@0.4.1
22 silly currentTree ├── dateformat@1.0.12
22 silly currentTree ├── debug@2.2.0
22 silly currentTree ├── decamelize@1.2.0
22 silly currentTree ├── deep-extend@0.4.1
22 silly currentTree ├── defaults@1.0.3
22 silly currentTree ├── delayed-stream@0.0.5
22 silly currentTree ├── depd@1.0.1
22 silly currentTree ├── deprecated@0.0.1
22 silly currentTree ├── destroy@1.0.4
22 silly currentTree ├── detect-file@0.1.0
22 silly currentTree ├── detect-indent@4.0.0
22 silly currentTree ├── dot-prop@2.4.0
22 silly currentTree ├── duplexer2@0.0.2
22 silly currentTree ├─┬ duplexify@3.4.5
22 silly currentTree │ ├── end-of-stream@1.0.0
22 silly currentTree │ ├── isarray@1.0.0
22 silly currentTree │ └── readable-stream@2.1.5
22 silly currentTree ├── ee-first@1.1.1
22 silly currentTree ├── end-of-stream@0.1.5
22 silly currentTree ├── error-ex@1.3.0
22 silly currentTree ├── es6-promise@3.2.1
22 silly currentTree ├── es6-shim@0.35.1
22 silly currentTree ├── escape-html@1.0.3
22 silly currentTree ├── escape-string-regexp@1.0.5
22 silly currentTree ├── etag@1.7.0
22 silly currentTree ├── expand-brackets@0.1.5
22 silly currentTree ├── expand-range@1.8.2
22 silly currentTree ├── expand-tilde@1.2.2
22 silly currentTree ├─┬ express@4.13.4
22 silly currentTree │ ├── cookie@0.1.5
22 silly currentTree │ └── depd@1.1.0
22 silly currentTree ├── extend-shallow@2.0.1
22 silly currentTree ├── extend@3.0.0
22 silly currentTree ├── extglob@0.3.2
22 silly currentTree ├── fancy-log@1.2.0
22 silly currentTree ├── filename-regex@2.0.0
22 silly currentTree ├── fill-range@2.2.3
22 silly currentTree ├── filled-array@1.1.0
22 silly currentTree ├── finalhandler@0.4.1
22 silly currentTree ├── find-index@0.1.1
22 silly currentTree ├── find-up@1.1.2
22 silly currentTree ├── findup-sync@0.4.2
22 silly currentTree ├─┬ fined@1.0.1
22 silly currentTree │ └── lodash.isarray@4.0.0
22 silly currentTree ├── first-chunk-stream@1.0.0
22 silly currentTree ├── flagged-respawn@0.3.2
22 silly currentTree ├── for-in@0.1.5
22 silly currentTree ├── for-own@0.1.4
22 silly currentTree ├── forEachAsync@2.2.1
22 silly currentTree ├─┬ form-data@0.2.0
22 silly currentTree │ ├── async@0.9.2
22 silly currentTree │ ├── mime-db@1.12.0
22 silly currentTree │ └── mime-types@2.0.14
22 silly currentTree ├── forwarded@0.1.0
22 silly currentTree ├── fresh@0.3.0
22 silly currentTree ├── fs-exists-sync@0.1.0
22 silly currentTree ├── fs.realpath@1.0.0
22 silly currentTree ├── function-bind@1.1.0
22 silly currentTree ├── gaze@0.5.2
22 silly currentTree ├── get-stdin@4.0.1
22 silly currentTree ├── glob-base@0.3.0
22 silly currentTree ├── glob-parent@2.0.0
22 silly currentTree ├─┬ glob-stream@3.1.18
22 silly currentTree │ ├── readable-stream@1.0.34
22 silly currentTree │ └── through2@0.6.5
22 silly currentTree ├── glob-watcher@0.0.6
22 silly currentTree ├── glob@4.5.3
22 silly currentTree ├── glob2base@0.0.12
22 silly currentTree ├── global-modules@0.2.3
22 silly currentTree ├── global-prefix@0.1.4
22 silly currentTree ├─┬ globule@0.1.0
22 silly currentTree │ ├── glob@3.1.21
22 silly currentTree │ ├── graceful-fs@1.2.3
22 silly currentTree │ ├── inherits@1.0.2
22 silly currentTree │ └── minimatch@0.2.14
22 silly currentTree ├── glogg@1.0.0
22 silly currentTree ├─┬ got@5.6.0
22 silly currentTree │ ├── duplexer2@0.1.4
22 silly currentTree │ ├── isarray@1.0.0
22 silly currentTree │ ├── object-assign@4.1.0
22 silly currentTree │ └── readable-stream@2.1.5
22 silly currentTree ├── graceful-fs@4.1.6
22 silly currentTree ├─┬ gulp-sourcemaps@1.6.0
22 silly currentTree │ └── vinyl@1.2.0
22 silly currentTree ├─┬ gulp-typescript@2.13.6
22 silly currentTree │ ├─┬ glob-stream@5.3.2
22 silly currentTree │ │ ├── isarray@0.0.1
22 silly currentTree │ │ ├── readable-stream@1.0.34
22 silly currentTree │ │ └── through2@0.6.5
22 silly currentTree │ ├── glob@5.0.15
22 silly currentTree │ ├── isarray@1.0.0
22 silly currentTree │ ├── object-assign@4.1.0
22 silly currentTree │ ├── ordered-read-streams@0.3.0
22 silly currentTree │ ├── readable-stream@2.1.5
22 silly currentTree │ ├── source-map@0.5.6
22 silly currentTree │ ├── unique-stream@2.2.1
22 silly currentTree │ ├── vinyl-fs@2.4.3
22 silly currentTree │ └── vinyl@1.2.0
22 silly currentTree ├─┬ gulp-util@3.0.7
22 silly currentTree │ └── minimist@1.2.0
22 silly currentTree ├─┬ gulp@3.9.1
22 silly currentTree │ └── minimist@1.2.0
22 silly currentTree ├── gulplog@1.0.0
22 silly currentTree ├── handlebars@3.0.0
22 silly currentTree ├── has-ansi@2.0.0
22 silly currentTree ├── has-gulplog@0.1.0
22 silly currentTree ├── has@1.0.1
22 silly currentTree ├── hbs@3.1.1
22 silly currentTree ├── hooks-fixed@1.2.0
22 silly currentTree ├── hosted-git-info@2.1.5
22 silly currentTree ├── http-errors@1.3.1
22 silly currentTree ├── http-proxy-agent@1.0.0
22 silly currentTree ├── https-proxy-agent@1.0.0
22 silly currentTree ├── iconv-lite@0.4.11
22 silly currentTree ├── imurmurhash@0.1.4
22 silly currentTree ├── indent-string@2.1.0
22 silly currentTree ├── inflight@1.0.5
22 silly currentTree ├── inherits@2.0.1
22 silly currentTree ├── ini@1.3.4
22 silly currentTree ├── interpret@1.0.1
22 silly currentTree ├── invariant@2.2.1
22 silly currentTree ├── ipaddr.js@1.0.5
22 silly currentTree ├─┬ is-absolute@0.2.5
22 silly currentTree │ └── is-windows@0.1.1
22 silly currentTree ├── is-arrayish@0.2.1
22 silly currentTree ├── is-buffer@1.1.4
22 silly currentTree ├── is-builtin-module@1.0.0
22 silly currentTree ├── is-dotfile@1.0.2
22 silly currentTree ├── is-equal-shallow@0.1.3
22 silly currentTree ├── is-extendable@0.1.1
22 silly currentTree ├── is-extglob@1.0.0
22 silly currentTree ├── is-finite@1.0.1
22 silly currentTree ├── is-fullwidth-code-point@1.0.0
22 silly currentTree ├── is-glob@2.0.1
22 silly currentTree ├── is-npm@1.0.0
22 silly currentTree ├── is-number@2.1.0
22 silly currentTree ├── is-obj@1.0.1
22 silly currentTree ├── is-plain-obj@1.1.0
22 silly currentTree ├── is-posix-bracket@0.1.1
22 silly currentTree ├── is-primitive@2.0.0
22 silly currentTree ├── is-redirect@1.0.0
22 silly currentTree ├── is-relative@0.2.1
22 silly currentTree ├── is-retry-allowed@1.1.0
22 silly currentTree ├── is-stream@1.1.0
22 silly currentTree ├── is-unc-path@0.1.1
22 silly currentTree ├── is-utf8@0.2.1
22 silly currentTree ├── is-valid-glob@0.3.0
22 silly currentTree ├── is-windows@0.2.0
22 silly currentTree ├── isarray@0.0.1
22 silly currentTree ├── isexe@1.1.2
22 silly currentTree ├─┬ isobject@2.1.0
22 silly currentTree │ └── isarray@1.0.0
22 silly currentTree ├── js-tokens@1.0.3
22 silly currentTree ├── json-stable-stringify@1.0.1
22 silly currentTree ├── jsonify@0.0.0
22 silly currentTree ├── kareem@1.1.3
22 silly currentTree ├── kind-of@3.0.4
22 silly currentTree ├── latest-version@2.0.0
22 silly currentTree ├─┬ lazystream@1.0.0
22 silly currentTree │ ├── isarray@1.0.0
22 silly currentTree │ └── readable-stream@2.1.5
22 silly currentTree ├── liftoff@2.3.0
22 silly currentTree ├── listify@1.0.0
22 silly currentTree ├── load-json-file@1.1.0
22 silly currentTree ├── lockfile@1.0.1
22 silly currentTree ├── lodash._basecopy@3.0.1
22 silly currentTree ├── lodash._basetostring@3.0.1
22 silly currentTree ├── lodash._basevalues@3.0.0
22 silly currentTree ├── lodash._getnative@3.9.1
22 silly currentTree ├── lodash._isiterateecall@3.0.9
22 silly currentTree ├── lodash._reescape@3.0.0
22 silly currentTree ├── lodash._reevaluate@3.0.0
22 silly currentTree ├── lodash._reinterpolate@3.0.0
22 silly currentTree ├── lodash._root@3.0.1
22 silly currentTree ├── lodash.assignwith@4.2.0
22 silly currentTree ├── lodash.escape@3.2.0
22 silly currentTree ├── lodash.isarguments@3.1.0
22 silly currentTree ├── lodash.isarray@3.0.4
22 silly currentTree ├── lodash.isempty@4.4.0
22 silly currentTree ├── lodash.isequal@4.4.0
22 silly currentTree ├── lodash.isplainobject@4.0.6
22 silly currentTree ├── lodash.isstring@4.0.1
22 silly currentTree ├── lodash.keys@3.1.2
22 silly currentTree ├── lodash.mapvalues@4.6.0
22 silly currentTree ├── lodash.pick@4.4.0
22 silly currentTree ├── lodash.restparam@3.6.1
22 silly currentTree ├── lodash.template@3.6.2
22 silly currentTree ├── lodash.templatesettings@3.1.1
22 silly currentTree ├── lodash@1.0.2
22 silly currentTree ├── loose-envify@1.2.0
22 silly currentTree ├── loud-rejection@1.6.0
22 silly currentTree ├── lowercase-keys@1.0.0
22 silly currentTree ├── lru-cache@2.7.3
22 silly currentTree ├── make-error-cause@1.2.1
22 silly currentTree ├── make-error@1.2.0
22 silly currentTree ├── map-cache@0.2.2
22 silly currentTree ├── map-obj@1.0.1
22 silly currentTree ├── media-typer@0.3.0
22 silly currentTree ├─┬ meow@3.7.0
22 silly currentTree │ ├── minimist@1.2.0
22 silly currentTree │ └── object-assign@4.1.0
22 silly currentTree ├── merge-descriptors@1.0.1
22 silly currentTree ├─┬ merge-stream@1.0.0
22 silly currentTree │ ├── isarray@1.0.0
22 silly currentTree │ └── readable-stream@2.1.5
22 silly currentTree ├── methods@1.1.2
22 silly currentTree ├── micromatch@2.3.11
22 silly currentTree ├── mime-db@1.23.0
22 silly currentTree ├── mime-types@2.1.11
22 silly currentTree ├── mime@1.3.4
22 silly currentTree ├── minimatch@2.0.10
22 silly currentTree ├── minimist@0.0.10
22 silly currentTree ├─┬ mkdirp@0.5.1
22 silly currentTree │ └── minimist@0.0.8
22 silly currentTree ├── mongodb-core@2.0.11
22 silly currentTree ├─┬ mongodb@2.2.9
22 silly currentTree │ ├── isarray@1.0.0
22 silly currentTree │ └── readable-stream@2.1.5
22 silly currentTree ├─┬ mongoose@4.6.0
22 silly currentTree │ └── async@1.5.2
22 silly currentTree ├── morgan@1.6.1
22 silly currentTree ├── mpath@0.2.1
22 silly currentTree ├── mpromise@0.5.5
22 silly currentTree ├─┬ mquery@1.11.0
22 silly currentTree │ ├── bluebird@2.10.2
22 silly currentTree │ └── sliced@0.0.5
22 silly currentTree ├── ms@0.7.1
22 silly currentTree ├── multipipe@0.1.2
22 silly currentTree ├── muri@1.1.0
22 silly currentTree ├── natives@1.0.1
22 silly currentTree ├── negotiator@0.5.3
22 silly currentTree ├── node-status-codes@1.0.0
22 silly currentTree ├── nopt@1.0.10
22 silly currentTree ├── normalize-package-data@2.3.5
22 silly currentTree ├── normalize-path@2.0.1
22 silly currentTree ├── number-is-nan@1.0.0
22 silly currentTree ├── object-assign@3.0.0
22 silly currentTree ├── object.omit@2.0.0
22 silly currentTree ├── object.pick@1.1.2
22 silly currentTree ├── on-finished@2.3.0
22 silly currentTree ├── on-headers@1.0.1
22 silly currentTree ├── once@1.3.3
22 silly currentTree ├── optimist@0.6.1
22 silly currentTree ├── orchestrator@0.3.7
22 silly currentTree ├── ordered-read-streams@0.1.0
22 silly currentTree ├── os-homedir@1.0.1
22 silly currentTree ├── os-tmpdir@1.0.1
22 silly currentTree ├── osenv@0.1.3
22 silly currentTree ├─┬ package-json@2.3.3
22 silly currentTree │ └── semver@5.3.0
22 silly currentTree ├── parse-filepath@1.0.1
22 silly currentTree ├── parse-glob@3.0.4
22 silly currentTree ├── parse-json@2.2.0
22 silly currentTree ├── parseurl@1.3.1
22 silly currentTree ├── path-exists@2.1.0
22 silly currentTree ├── path-is-absolute@1.0.0
22 silly currentTree ├── path-root-regex@0.1.2
22 silly currentTree ├── path-root@0.1.1
22 silly currentTree ├── path-to-regexp@0.1.7
22 silly currentTree ├── path-type@1.1.0
22 silly currentTree ├── pify@2.3.0
22 silly currentTree ├── pinkie-promise@2.0.1
22 silly currentTree ├── pinkie@2.0.4
22 silly currentTree ├── popsicle-proxy-agent@1.0.0
22 silly currentTree ├── popsicle-retry@2.0.0
22 silly currentTree ├── popsicle-status@1.0.2
22 silly currentTree ├── popsicle@5.0.1
22 silly currentTree ├── prepend-http@1.0.4
22 silly currentTree ├── preserve@0.2.0
22 silly currentTree ├── pretty-hrtime@1.0.2
22 silly currentTree ├── process-nextick-args@1.0.7
22 silly currentTree ├── promise-finally@2.2.1
22 silly currentTree ├── proxy-addr@1.0.10
22 silly currentTree ├── qs@4.0.0
22 silly currentTree ├── randomatic@1.1.5
22 silly currentTree ├── range-parser@1.0.3
22 silly currentTree ├─┬ raw-body@2.1.7
22 silly currentTree │ ├── bytes@2.4.0
22 silly currentTree │ └── iconv-lite@0.4.13
22 silly currentTree ├─┬ rc@1.1.6
22 silly currentTree │ └── minimist@1.2.0
22 silly currentTree ├─┬ read-all-stream@3.1.0
22 silly currentTree │ ├── isarray@1.0.0
22 silly currentTree │ └── readable-stream@2.1.5
22 silly currentTree ├── read-pkg-up@1.0.1
22 silly currentTree ├── read-pkg@1.1.0
22 silly currentTree ├── readable-stream@1.1.14
22 silly currentTree ├── rechoir@0.6.2
22 silly currentTree ├── redent@1.0.0
22 silly currentTree ├── reflect-metadata@0.1.8
22 silly currentTree ├── regex-cache@0.4.3
22 silly currentTree ├── regexp-clone@0.0.1
22 silly currentTree ├── registry-url@3.1.0
22 silly currentTree ├── repeat-element@1.1.2
22 silly currentTree ├── repeat-string@1.5.4
22 silly currentTree ├── repeating@2.0.1
22 silly currentTree ├── replace-ext@0.0.1
22 silly currentTree ├─┬ require_optional@1.0.0
22 silly currentTree │ └── semver@5.3.0
22 silly currentTree ├── resolve-dir@0.1.1
22 silly currentTree ├── resolve-from@2.0.0
22 silly currentTree ├── resolve@1.1.7
22 silly currentTree ├─┬ rimraf@2.5.4
22 silly currentTree │ ├── glob@7.0.5
22 silly currentTree │ └── minimatch@3.0.3
22 silly currentTree ├── rxjs@5.0.0-beta.6
22 silly currentTree ├─┬ semver-diff@2.1.0
22 silly currentTree │ └── semver@5.3.0
22 silly currentTree ├── semver@4.3.6
22 silly currentTree ├─┬ send@0.13.1
22 silly currentTree │ ├── depd@1.1.0
22 silly currentTree │ └── statuses@1.2.1
22 silly currentTree ├── sequence@2.2.1
22 silly currentTree ├── sequencify@0.0.7
22 silly currentTree ├── serve-favicon@2.3.0
22 silly currentTree ├─┬ serve-static@1.10.3
22 silly currentTree │ ├── depd@1.1.0
22 silly currentTree │ ├── send@0.13.2
22 silly currentTree │ └── statuses@1.2.1
22 silly currentTree ├── sigmund@1.0.1
22 silly currentTree ├── signal-exit@3.0.0
22 silly currentTree ├── sliced@1.0.1
22 silly currentTree ├── slide@1.1.6
22 silly currentTree ├── sort-keys@1.1.2
22 silly currentTree ├── source-map@0.1.43
22 silly currentTree ├── sparkles@1.0.0
22 silly currentTree ├── spdx-correct@1.0.2
22 silly currentTree ├── spdx-exceptions@1.0.5
22 silly currentTree ├── spdx-expression-parse@1.0.2
22 silly currentTree ├── spdx-license-ids@1.2.2
22 silly currentTree ├── statuses@1.3.0
22 silly currentTree ├── stream-consume@0.1.0
22 silly currentTree ├── stream-shift@1.0.0
22 silly currentTree ├── string_decoder@0.10.31
22 silly currentTree ├── string-template@1.0.0
22 silly currentTree ├── string-width@1.0.2
22 silly currentTree ├── strip-ansi@3.0.1
22 silly currentTree ├── strip-bom-stream@1.0.0
22 silly currentTree ├── strip-bom@2.0.0
22 silly currentTree ├── strip-indent@1.0.1
22 silly currentTree ├── strip-json-comments@1.0.4
22 silly currentTree ├── supports-color@2.0.0
22 silly currentTree ├── systemjs@0.19.27
22 silly currentTree ├── thenify@3.2.0
22 silly currentTree ├── throat@2.0.2
22 silly currentTree ├── through2-filter@2.0.0
22 silly currentTree ├─┬ through2@2.0.1
22 silly currentTree │ ├── isarray@1.0.0
22 silly currentTree │ └── readable-stream@2.0.6
22 silly currentTree ├── tildify@1.2.0
22 silly currentTree ├── time-stamp@1.0.1
22 silly currentTree ├── timed-out@2.0.0
22 silly currentTree ├── to-absolute-glob@0.1.1
22 silly currentTree ├── touch@1.0.0
22 silly currentTree ├── tough-cookie@2.3.1
22 silly currentTree ├── trim-newlines@1.0.0
22 silly currentTree ├── type-is@1.6.13
22 silly currentTree ├── typedarray@0.0.6
22 silly currentTree ├── typescript@1.8.10
22 silly currentTree ├── typings-core@0.3.1
22 silly currentTree ├─┬ typings@0.8.1
22 silly currentTree │ ├── minimist@1.2.0
22 silly currentTree │ └── wordwrap@1.0.0
22 silly currentTree ├─┬ uglify-js@2.3.6
22 silly currentTree │ └── optimist@0.3.7
22 silly currentTree ├── unc-path-regex@0.1.2
22 silly currentTree ├── unique-stream@1.0.0
22 silly currentTree ├── unpipe@1.0.0
22 silly currentTree ├── unzip-response@1.0.0
22 silly currentTree ├── update-notifier@0.6.3
22 silly currentTree ├── url-parse-lax@1.0.0
22 silly currentTree ├── user-home@1.1.1
22 silly currentTree ├── util-deprecate@1.0.2
22 silly currentTree ├── utils-merge@1.0.0
22 silly currentTree ├── uuid@2.0.2
22 silly currentTree ├── v8flags@2.0.11
22 silly currentTree ├── vali-date@1.0.0
22 silly currentTree ├── validate-npm-package-license@3.0.1
22 silly currentTree ├── vary@1.0.1
22 silly currentTree ├─┬ vinyl-fs@0.3.14
22 silly currentTree │ ├── clone@0.2.0
22 silly currentTree │ ├── graceful-fs@3.0.10
22 silly currentTree │ ├── readable-stream@1.0.34
22 silly currentTree │ ├── strip-bom@1.0.0
22 silly currentTree │ ├── through2@0.6.5
22 silly currentTree │ └── vinyl@0.4.6
22 silly currentTree ├── vinyl@0.5.3
22 silly currentTree ├── walk@2.2.1
22 silly currentTree ├── wcwidth@1.0.1
22 silly currentTree ├── when@3.7.7
22 silly currentTree ├── which@1.2.10
22 silly currentTree ├── widest-line@1.0.0
22 silly currentTree ├── wordwrap@0.0.3
22 silly currentTree ├── wrappy@1.0.2
22 silly currentTree ├── write-file-atomic@1.2.0
22 silly currentTree ├── xdg-basedir@2.0.0
22 silly currentTree ├── xtend@4.0.1
22 silly currentTree ├── zip-object@0.1.0
22 silly currentTree └── zone.js@0.6.17
23 silly idealTree udemy-nodejs-angular2@1.0.0
23 silly idealTree ├── @angular/common@2.0.0-rc.1
23 silly idealTree ├── @angular/compiler@2.0.0-rc.1
23 silly idealTree ├── @angular/core@2.0.0-rc.1
23 silly idealTree ├── @angular/http@2.0.0-rc.1
23 silly idealTree ├── @angular/platform-browser-dynamic@2.0.0-rc.1
23 silly idealTree ├── @angular/platform-browser@2.0.0-rc.1
23 silly idealTree ├── @angular/router@2.0.0-rc.1
23 silly idealTree ├── @angular/upgrade@2.0.0-rc.1
23 silly idealTree ├── @angular2-material/button-toggle@2.0.0-alpha.8-1
23 silly idealTree ├── @angular2-material/button@2.0.0-alpha.8-1
23 silly idealTree ├── @angular2-material/card@2.0.0-alpha.8-1
23 silly idealTree ├── @angular2-material/checkbox@2.0.0-alpha.8-1
23 silly idealTree ├── @angular2-material/core@2.0.0-alpha.8-1
23 silly idealTree ├── @angular2-material/grid-list@2.0.0-alpha.8-1
23 silly idealTree ├── @angular2-material/icon@2.0.0-alpha.8-1
23 silly idealTree ├── @angular2-material/input@2.0.0-alpha.8-1
23 silly idealTree ├── @angular2-material/list@2.0.0-alpha.8-1
23 silly idealTree ├── @angular2-material/menu@2.0.0-alpha.8-1
23 silly idealTree ├── @angular2-material/progress-bar@2.0.0-alpha.8-1
23 silly idealTree ├── @angular2-material/progress-circle@2.0.0-alpha.8-1
23 silly idealTree ├── @angular2-material/radio@2.0.0-alpha.8-1
23 silly idealTree ├── @angular2-material/sidenav@2.0.0-alpha.8-1
23 silly idealTree ├── @angular2-material/tabs@2.0.0-alpha.8-1
23 silly idealTree ├── @angular2-material/toolbar@2.0.0-alpha.8-1
23 silly idealTree ├── @angular2-material/tooltip@2.0.0-alpha.8-1
23 silly idealTree ├── abbrev@1.0.9
23 silly idealTree ├── accepts@1.2.13
23 silly idealTree ├─┬ agent-base@2.0.1
23 silly idealTree │ └── semver@5.0.3
23 silly idealTree ├── amdefine@1.0.0
23 silly idealTree ├── ansi-regex@2.0.0
23 silly idealTree ├── ansi-styles@2.2.1
23 silly idealTree ├── any-promise@1.3.0
23 silly idealTree ├── archy@1.0.0
23 silly idealTree ├── arr-diff@2.0.0
23 silly idealTree ├── arr-flatten@1.0.1
23 silly idealTree ├── array-differ@1.0.0
23 silly idealTree ├── array-find-index@1.0.1
23 silly idealTree ├── array-flatten@1.1.1
23 silly idealTree ├── array-uniq@1.0.3
23 silly idealTree ├── array-unique@0.2.1
23 silly idealTree ├── arrify@1.0.1
23 silly idealTree ├── async@0.2.10
23 silly idealTree ├── balanced-match@0.4.2
23 silly idealTree ├── basic-auth@1.0.4
23 silly idealTree ├── beeper@1.1.0
23 silly idealTree ├── bluebird@3.4.1
23 silly idealTree ├── body-parser@1.13.3
23 silly idealTree ├─┬ boxen@0.3.1
23 silly idealTree │ └── object-assign@4.1.0
23 silly idealTree ├── brace-expansion@1.1.6
23 silly idealTree ├── braces@1.8.5
23 silly idealTree ├── bson@0.5.4
23 silly idealTree ├── buffer-shims@1.0.0
23 silly idealTree ├── builtin-modules@1.1.1
23 silly idealTree ├── bytes@2.1.0
23 silly idealTree ├── camelcase-keys@2.1.0
23 silly idealTree ├── camelcase@2.1.1
23 silly idealTree ├── capture-stack-trace@1.0.0
23 silly idealTree ├── chalk@1.1.3
23 silly idealTree ├── clone-stats@0.0.1
23 silly idealTree ├── clone@1.0.2
23 silly idealTree ├── code-point-at@1.0.0
23 silly idealTree ├── columnify@1.5.4
23 silly idealTree ├── combined-stream@0.0.7
23 silly idealTree ├── concat-map@0.0.1
23 silly idealTree ├─┬ concat-stream@1.5.1
23 silly idealTree │ ├── isarray@1.0.0
23 silly idealTree │ └── readable-stream@2.0.6
23 silly idealTree ├─┬ configstore@2.0.0
23 silly idealTree │ └── object-assign@4.1.0
23 silly idealTree ├── content-disposition@0.5.1
23 silly idealTree ├── content-type@1.0.2
23 silly idealTree ├── convert-source-map@1.3.0
23 silly idealTree ├── cookie-parser@1.3.5
23 silly idealTree ├── cookie-signature@1.0.6
23 silly idealTree ├── cookie@0.1.3
23 silly idealTree ├── core-util-is@1.0.2
23 silly idealTree ├── create-error-class@3.0.2
23 silly idealTree ├── currently-unhandled@0.4.1
23 silly idealTree ├── dateformat@1.0.12
23 silly idealTree ├── debug@2.2.0
23 silly idealTree ├── decamelize@1.2.0
23 silly idealTree ├── deep-extend@0.4.1
23 silly idealTree ├── defaults@1.0.3
23 silly idealTree ├── delayed-stream@0.0.5
23 silly idealTree ├── depd@1.0.1
23 silly idealTree ├── deprecated@0.0.1
23 silly idealTree ├── destroy@1.0.4
23 silly idealTree ├── detect-file@0.1.0
23 silly idealTree ├── detect-indent@4.0.0
23 silly idealTree ├── dot-prop@2.4.0
23 silly idealTree ├── duplexer2@0.0.2
23 silly idealTree ├─┬ duplexify@3.4.5
23 silly idealTree │ ├── end-of-stream@1.0.0
23 silly idealTree │ ├── isarray@1.0.0
23 silly idealTree │ └── readable-stream@2.1.5
23 silly idealTree ├── ee-first@1.1.1
23 silly idealTree ├── end-of-stream@0.1.5
23 silly idealTree ├── error-ex@1.3.0
23 silly idealTree ├── es6-promise@3.2.1
23 silly idealTree ├── es6-shim@0.35.1
23 silly idealTree ├── escape-html@1.0.3
23 silly idealTree ├── escape-string-regexp@1.0.5
23 silly idealTree ├── etag@1.7.0
23 silly idealTree ├── expand-brackets@0.1.5
23 silly idealTree ├── expand-range@1.8.2
23 silly idealTree ├── expand-tilde@1.2.2
23 silly idealTree ├─┬ express@4.13.4
23 silly idealTree │ ├── cookie@0.1.5
23 silly idealTree │ └── depd@1.1.0
23 silly idealTree ├── extend-shallow@2.0.1
23 silly idealTree ├── extend@3.0.0
23 silly idealTree ├── extglob@0.3.2
23 silly idealTree ├── fancy-log@1.2.0
23 silly idealTree ├── filename-regex@2.0.0
23 silly idealTree ├── fill-range@2.2.3
23 silly idealTree ├── filled-array@1.1.0
23 silly idealTree ├── finalhandler@0.4.1
23 silly idealTree ├── find-index@0.1.1
23 silly idealTree ├── find-up@1.1.2
23 silly idealTree ├── findup-sync@0.4.2
23 silly idealTree ├─┬ fined@1.0.1
23 silly idealTree │ └── lodash.isarray@4.0.0
23 silly idealTree ├── first-chunk-stream@1.0.0
23 silly idealTree ├── flagged-respawn@0.3.2
23 silly idealTree ├── for-in@0.1.5
23 silly idealTree ├── for-own@0.1.4
23 silly idealTree ├── forEachAsync@2.2.1
23 silly idealTree ├─┬ form-data@0.2.0
23 silly idealTree │ ├── async@0.9.2
23 silly idealTree │ ├── mime-db@1.12.0
23 silly idealTree │ └── mime-types@2.0.14
23 silly idealTree ├── forwarded@0.1.0
23 silly idealTree ├── fresh@0.3.0
23 silly idealTree ├── fs-exists-sync@0.1.0
23 silly idealTree ├── fs.realpath@1.0.0
23 silly idealTree ├── function-bind@1.1.0
23 silly idealTree ├── gaze@0.5.2
23 silly idealTree ├── get-stdin@4.0.1
23 silly idealTree ├── glob-base@0.3.0
23 silly idealTree ├── glob-parent@2.0.0
23 silly idealTree ├─┬ glob-stream@3.1.18
23 silly idealTree │ ├── readable-stream@1.0.34
23 silly idealTree │ └── through2@0.6.5
23 silly idealTree ├── glob-watcher@0.0.6
23 silly idealTree ├── glob@4.5.3
23 silly idealTree ├── glob2base@0.0.12
23 silly idealTree ├── global-modules@0.2.3
23 silly idealTree ├── global-prefix@0.1.4
23 silly idealTree ├─┬ globule@0.1.0
23 silly idealTree │ ├── glob@3.1.21
23 silly idealTree │ ├── graceful-fs@1.2.3
23 silly idealTree │ ├── inherits@1.0.2
23 silly idealTree │ └── minimatch@0.2.14
23 silly idealTree ├── glogg@1.0.0
23 silly idealTree ├─┬ got@5.6.0
23 silly idealTree │ ├── duplexer2@0.1.4
23 silly idealTree │ ├── isarray@1.0.0
23 silly idealTree │ ├── object-assign@4.1.0
23 silly idealTree │ └── readable-stream@2.1.5
23 silly idealTree ├── graceful-fs@4.1.6
23 silly idealTree ├─┬ gulp-sourcemaps@1.6.0
23 silly idealTree │ └── vinyl@1.2.0
23 silly idealTree ├─┬ gulp-typescript@2.13.6
23 silly idealTree │ ├─┬ glob-stream@5.3.2
23 silly idealTree │ │ ├── isarray@0.0.1
23 silly idealTree │ │ ├── readable-stream@1.0.34
23 silly idealTree │ │ └── through2@0.6.5
23 silly idealTree │ ├── glob@5.0.15
23 silly idealTree │ ├── isarray@1.0.0
23 silly idealTree │ ├── object-assign@4.1.0
23 silly idealTree │ ├── ordered-read-streams@0.3.0
23 silly idealTree │ ├── readable-stream@2.1.5
23 silly idealTree │ ├── source-map@0.5.6
23 silly idealTree │ ├── unique-stream@2.2.1
23 silly idealTree │ ├── vinyl-fs@2.4.3
23 silly idealTree │ └── vinyl@1.2.0
23 silly idealTree ├─┬ gulp-util@3.0.7
23 silly idealTree │ └── minimist@1.2.0
23 silly idealTree ├─┬ gulp@3.9.1
23 silly idealTree │ └── minimist@1.2.0
23 silly idealTree ├── gulplog@1.0.0
23 silly idealTree ├── handlebars@3.0.0
23 silly idealTree ├── has-ansi@2.0.0
23 silly idealTree ├── has-gulplog@0.1.0
23 silly idealTree ├── has@1.0.1
23 silly idealTree ├── hbs@3.1.1
23 silly idealTree ├── hooks-fixed@1.2.0
23 silly idealTree ├── hosted-git-info@2.1.5
23 silly idealTree ├── http-errors@1.3.1
23 silly idealTree ├── http-proxy-agent@1.0.0
23 silly idealTree ├── https-proxy-agent@1.0.0
23 silly idealTree ├── iconv-lite@0.4.11
23 silly idealTree ├── imurmurhash@0.1.4
23 silly idealTree ├── indent-string@2.1.0
23 silly idealTree ├── inflight@1.0.5
23 silly idealTree ├── inherits@2.0.1
23 silly idealTree ├── ini@1.3.4
23 silly idealTree ├── interpret@1.0.1
23 silly idealTree ├── invariant@2.2.1
23 silly idealTree ├── ipaddr.js@1.0.5
23 silly idealTree ├─┬ is-absolute@0.2.5
23 silly idealTree │ └── is-windows@0.1.1
23 silly idealTree ├── is-arrayish@0.2.1
23 silly idealTree ├── is-buffer@1.1.4
23 silly idealTree ├── is-builtin-module@1.0.0
23 silly idealTree ├── is-dotfile@1.0.2
23 silly idealTree ├── is-equal-shallow@0.1.3
23 silly idealTree ├── is-extendable@0.1.1
23 silly idealTree ├── is-extglob@1.0.0
23 silly idealTree ├── is-finite@1.0.1
23 silly idealTree ├── is-fullwidth-code-point@1.0.0
23 silly idealTree ├── is-glob@2.0.1
23 silly idealTree ├── is-npm@1.0.0
23 silly idealTree ├── is-number@2.1.0
23 silly idealTree ├── is-obj@1.0.1
23 silly idealTree ├── is-plain-obj@1.1.0
23 silly idealTree ├── is-posix-bracket@0.1.1
23 silly idealTree ├── is-primitive@2.0.0
23 silly idealTree ├── is-redirect@1.0.0
23 silly idealTree ├── is-relative@0.2.1
23 silly idealTree ├── is-retry-allowed@1.1.0
23 silly idealTree ├── is-stream@1.1.0
23 silly idealTree ├── is-unc-path@0.1.1
23 silly idealTree ├── is-utf8@0.2.1
23 silly idealTree ├── is-valid-glob@0.3.0
23 silly idealTree ├── is-windows@0.2.0
23 silly idealTree ├── isarray@0.0.1
23 silly idealTree ├── isexe@1.1.2
23 silly idealTree ├─┬ isobject@2.1.0
23 silly idealTree │ └── isarray@1.0.0
23 silly idealTree ├── js-tokens@1.0.3
23 silly idealTree ├── json-stable-stringify@1.0.1
23 silly idealTree ├── jsonify@0.0.0
23 silly idealTree ├── kareem@1.1.3
23 silly idealTree ├── kind-of@3.0.4
23 silly idealTree ├── latest-version@2.0.0
23 silly idealTree ├─┬ lazystream@1.0.0
23 silly idealTree │ ├── isarray@1.0.0
23 silly idealTree │ └── readable-stream@2.1.5
23 silly idealTree ├── liftoff@2.3.0
23 silly idealTree ├── listify@1.0.0
23 silly idealTree ├── load-json-file@1.1.0
23 silly idealTree ├── lockfile@1.0.1
23 silly idealTree ├── lodash._basecopy@3.0.1
23 silly idealTree ├── lodash._basetostring@3.0.1
23 silly idealTree ├── lodash._basevalues@3.0.0
23 silly idealTree ├── lodash._getnative@3.9.1
23 silly idealTree ├── lodash._isiterateecall@3.0.9
23 silly idealTree ├── lodash._reescape@3.0.0
23 silly idealTree ├── lodash._reevaluate@3.0.0
23 silly idealTree ├── lodash._reinterpolate@3.0.0
23 silly idealTree ├── lodash._root@3.0.1
23 silly idealTree ├── lodash.assignwith@4.2.0
23 silly idealTree ├── lodash.escape@3.2.0
23 silly idealTree ├── lodash.isarguments@3.1.0
23 silly idealTree ├── lodash.isarray@3.0.4
23 silly idealTree ├── lodash.isempty@4.4.0
23 silly idealTree ├── lodash.isequal@4.4.0
23 silly idealTree ├── lodash.isplainobject@4.0.6
23 silly idealTree ├── lodash.isstring@4.0.1
23 silly idealTree ├── lodash.keys@3.1.2
23 silly idealTree ├── lodash.mapvalues@4.6.0
23 silly idealTree ├── lodash.pick@4.4.0
23 silly idealTree ├── lodash.restparam@3.6.1
23 silly idealTree ├── lodash.template@3.6.2
23 silly idealTree ├── lodash.templatesettings@3.1.1
23 silly idealTree ├── lodash@1.0.2
23 silly idealTree ├── loose-envify@1.2.0
23 silly idealTree ├── loud-rejection@1.6.0
23 silly idealTree ├── lowercase-keys@1.0.0
23 silly idealTree ├── lru-cache@2.7.3
23 silly idealTree ├── make-error-cause@1.2.1
23 silly idealTree ├── make-error@1.2.0
23 silly idealTree ├── map-cache@0.2.2
23 silly idealTree ├── map-obj@1.0.1
23 silly idealTree ├── media-typer@0.3.0
23 silly idealTree ├─┬ meow@3.7.0
23 silly idealTree │ ├── minimist@1.2.0
23 silly idealTree │ └── object-assign@4.1.0
23 silly idealTree ├── merge-descriptors@1.0.1
23 silly idealTree ├─┬ merge-stream@1.0.0
23 silly idealTree │ ├── isarray@1.0.0
23 silly idealTree │ └── readable-stream@2.1.5
23 silly idealTree ├── methods@1.1.2
23 silly idealTree ├── micromatch@2.3.11
23 silly idealTree ├── mime-db@1.23.0
23 silly idealTree ├── mime-types@2.1.11
23 silly idealTree ├── mime@1.3.4
23 silly idealTree ├── minimatch@2.0.10
23 silly idealTree ├── minimist@0.0.10
23 silly idealTree ├─┬ mkdirp@0.5.1
23 silly idealTree │ └── minimist@0.0.8
23 silly idealTree ├── mongodb-core@2.0.11
23 silly idealTree ├─┬ mongodb@2.2.9
23 silly idealTree │ ├── isarray@1.0.0
23 silly idealTree │ └── readable-stream@2.1.5
23 silly idealTree ├─┬ mongoose@4.6.0
23 silly idealTree │ └── async@1.5.2
23 silly idealTree ├── morgan@1.6.1
23 silly idealTree ├── mpath@0.2.1
23 silly idealTree ├── mpromise@0.5.5
23 silly idealTree ├─┬ mquery@1.11.0
23 silly idealTree │ ├── bluebird@2.10.2
23 silly idealTree │ └── sliced@0.0.5
23 silly idealTree ├── ms@0.7.1
23 silly idealTree ├── multipipe@0.1.2
23 silly idealTree ├── muri@1.1.0
23 silly idealTree ├── natives@1.0.1
23 silly idealTree ├── negotiator@0.5.3
23 silly idealTree ├── node-status-codes@1.0.0
23 silly idealTree ├── nopt@1.0.10
23 silly idealTree ├── normalize-package-data@2.3.5
23 silly idealTree ├── normalize-path@2.0.1
23 silly idealTree ├── number-is-nan@1.0.0
23 silly idealTree ├── object-assign@3.0.0
23 silly idealTree ├── object.omit@2.0.0
23 silly idealTree ├── object.pick@1.1.2
23 silly idealTree ├── on-finished@2.3.0
23 silly idealTree ├── on-headers@1.0.1
23 silly idealTree ├── once@1.3.3
23 silly idealTree ├── optimist@0.6.1
23 silly idealTree ├── orchestrator@0.3.7
23 silly idealTree ├── ordered-read-streams@0.1.0
23 silly idealTree ├── os-homedir@1.0.1
23 silly idealTree ├── os-tmpdir@1.0.1
23 silly idealTree ├── osenv@0.1.3
23 silly idealTree ├─┬ package-json@2.3.3
23 silly idealTree │ └── semver@5.3.0
23 silly idealTree ├── parse-filepath@1.0.1
23 silly idealTree ├── parse-glob@3.0.4
23 silly idealTree ├── parse-json@2.2.0
23 silly idealTree ├── parseurl@1.3.1
23 silly idealTree ├── path-exists@2.1.0
23 silly idealTree ├── path-is-absolute@1.0.0
23 silly idealTree ├── path-root-regex@0.1.2
23 silly idealTree ├── path-root@0.1.1
23 silly idealTree ├── path-to-regexp@0.1.7
23 silly idealTree ├── path-type@1.1.0
23 silly idealTree ├── pify@2.3.0
23 silly idealTree ├── pinkie-promise@2.0.1
23 silly idealTree ├── pinkie@2.0.4
23 silly idealTree ├── popsicle-proxy-agent@1.0.0
23 silly idealTree ├── popsicle-retry@2.0.0
23 silly idealTree ├── popsicle-status@1.0.2
23 silly idealTree ├── popsicle@5.0.1
23 silly idealTree ├── prepend-http@1.0.4
23 silly idealTree ├── preserve@0.2.0
23 silly idealTree ├── pretty-hrtime@1.0.2
23 silly idealTree ├── process-nextick-args@1.0.7
23 silly idealTree ├── promise-finally@2.2.1
23 silly idealTree ├── proxy-addr@1.0.10
23 silly idealTree ├── qs@4.0.0
23 silly idealTree ├── randomatic@1.1.5
23 silly idealTree ├── range-parser@1.0.3
23 silly idealTree ├─┬ raw-body@2.1.7
23 silly idealTree │ ├── bytes@2.4.0
23 silly idealTree │ └── iconv-lite@0.4.13
23 silly idealTree ├─┬ rc@1.1.6
23 silly idealTree │ └── minimist@1.2.0
23 silly idealTree ├─┬ read-all-stream@3.1.0
23 silly idealTree │ ├── isarray@1.0.0
23 silly idealTree │ └── readable-stream@2.1.5
23 silly idealTree ├── read-pkg-up@1.0.1
23 silly idealTree ├── read-pkg@1.1.0
23 silly idealTree ├── readable-stream@1.1.14
23 silly idealTree ├── rechoir@0.6.2
23 silly idealTree ├── redent@1.0.0
23 silly idealTree ├── reflect-metadata@0.1.8
23 silly idealTree ├── regex-cache@0.4.3
23 silly idealTree ├── regexp-clone@0.0.1
23 silly idealTree ├── registry-url@3.1.0
23 silly idealTree ├── repeat-element@1.1.2
23 silly idealTree ├── repeat-string@1.5.4
23 silly idealTree ├── repeating@2.0.1
23 silly idealTree ├── replace-ext@0.0.1
23 silly idealTree ├─┬ require_optional@1.0.0
23 silly idealTree │ └── semver@5.3.0
23 silly idealTree ├── resolve-dir@0.1.1
23 silly idealTree ├── resolve-from@2.0.0
23 silly idealTree ├── resolve@1.1.7
23 silly idealTree ├─┬ rimraf@2.5.4
23 silly idealTree │ ├── glob@7.0.5
23 silly idealTree │ └── minimatch@3.0.3
23 silly idealTree ├── rxjs@5.0.0-beta.6
23 silly idealTree ├─┬ semver-diff@2.1.0
23 silly idealTree │ └── semver@5.3.0
23 silly idealTree ├── semver@4.3.6
23 silly idealTree ├─┬ send@0.13.1
23 silly idealTree │ ├── depd@1.1.0
23 silly idealTree │ └── statuses@1.2.1
23 silly idealTree ├── sequence@2.2.1
23 silly idealTree ├── sequencify@0.0.7
23 silly idealTree ├── serve-favicon@2.3.0
23 silly idealTree ├─┬ serve-static@1.10.3
23 silly idealTree │ ├── depd@1.1.0
23 silly idealTree │ ├── send@0.13.2
23 silly idealTree │ └── statuses@1.2.1
23 silly idealTree ├── sigmund@1.0.1
23 silly idealTree ├── signal-exit@3.0.0
23 silly idealTree ├── sliced@1.0.1
23 silly idealTree ├── slide@1.1.6
23 silly idealTree ├── sort-keys@1.1.2
23 silly idealTree ├── source-map@0.1.43
23 silly idealTree ├── sparkles@1.0.0
23 silly idealTree ├── spdx-correct@1.0.2
23 silly idealTree ├── spdx-exceptions@1.0.5
23 silly idealTree ├── spdx-expression-parse@1.0.2
23 silly idealTree ├── spdx-license-ids@1.2.2
23 silly idealTree ├── statuses@1.3.0
23 silly idealTree ├── stream-consume@0.1.0
23 silly idealTree ├── stream-shift@1.0.0
23 silly idealTree ├── string_decoder@0.10.31
23 silly idealTree ├── string-template@1.0.0
23 silly idealTree ├── string-width@1.0.2
23 silly idealTree ├── strip-ansi@3.0.1
23 silly idealTree ├── strip-bom-stream@1.0.0
23 silly idealTree ├── strip-bom@2.0.0
23 silly idealTree ├── strip-indent@1.0.1
23 silly idealTree ├── strip-json-comments@1.0.4
23 silly idealTree ├── supports-color@2.0.0
23 silly idealTree ├── systemjs@0.19.27
23 silly idealTree ├── thenify@3.2.0
23 silly idealTree ├── throat@2.0.2
23 silly idealTree ├── through2-filter@2.0.0
23 silly idealTree ├─┬ through2@2.0.1
23 silly idealTree │ ├── isarray@1.0.0
23 silly idealTree │ └── readable-stream@2.0.6
23 silly idealTree ├── tildify@1.2.0
23 silly idealTree ├── time-stamp@1.0.1
23 silly idealTree ├── timed-out@2.0.0
23 silly idealTree ├── to-absolute-glob@0.1.1
23 silly idealTree ├── touch@1.0.0
23 silly idealTree ├── tough-cookie@2.3.1
23 silly idealTree ├── trim-newlines@1.0.0
23 silly idealTree ├── type-is@1.6.13
23 silly idealTree ├── typedarray@0.0.6
23 silly idealTree ├── typescript@1.8.10
23 silly idealTree ├── typings-core@0.3.1
23 silly idealTree ├─┬ typings@0.8.1
23 silly idealTree │ ├── minimist@1.2.0
23 silly idealTree │ └── wordwrap@1.0.0
23 silly idealTree ├─┬ uglify-js@2.3.6
23 silly idealTree │ └── optimist@0.3.7
23 silly idealTree ├── unc-path-regex@0.1.2
23 silly idealTree ├── unique-stream@1.0.0
23 silly idealTree ├── unpipe@1.0.0
23 silly idealTree ├── unzip-response@1.0.0
23 silly idealTree ├── update-notifier@0.6.3
23 silly idealTree ├── url-parse-lax@1.0.0
23 silly idealTree ├── user-home@1.1.1
23 silly idealTree ├── util-deprecate@1.0.2
23 silly idealTree ├── utils-merge@1.0.0
23 silly idealTree ├── uuid@2.0.2
23 silly idealTree ├── v8flags@2.0.11
23 silly idealTree ├── vali-date@1.0.0
23 silly idealTree ├── validate-npm-package-license@3.0.1
23 silly idealTree ├── vary@1.0.1
23 silly idealTree ├─┬ vinyl-fs@0.3.14
23 silly idealTree │ ├── clone@0.2.0
23 silly idealTree │ ├── graceful-fs@3.0.10
23 silly idealTree │ ├── readable-stream@1.0.34
23 silly idealTree │ ├── strip-bom@1.0.0
23 silly idealTree │ ├── through2@0.6.5
23 silly idealTree │ └── vinyl@0.4.6
23 silly idealTree ├── vinyl@0.5.3
23 silly idealTree ├── walk@2.2.1
23 silly idealTree ├── wcwidth@1.0.1
23 silly idealTree ├── when@3.7.7
23 silly idealTree ├── which@1.2.10
23 silly idealTree ├── widest-line@1.0.0
23 silly idealTree ├── wordwrap@0.0.3
23 silly idealTree ├── wrappy@1.0.2
23 silly idealTree ├── write-file-atomic@1.2.0
23 silly idealTree ├── xdg-basedir@2.0.0
23 silly idealTree ├── xtend@4.0.1
23 silly idealTree ├── zip-object@0.1.0
23 silly idealTree └── zone.js@0.6.17
24 silly generateActionsToTake Starting
25 silly install generateActionsToTake
26 silly generateActionsToTake Finishing
27 silly diffTrees action count 0
28 silly decomposeActions action count 0
29 silly executeActions Starting
30 silly install executeActions
31 silly doSerial global-install 0
32 silly doParallel fetch 0
33 verbose correctMkdir /Users/Mathieu/.npm/_locks correctMkdir not in flight; initializing
34 verbose lock using /Users/Mathieu/.npm/_locks/staging-ac99cf22b64b8546.lock for /Users/Mathieu/Dropbox/angular-tutorials/angular2-nodejs-seed-project/node_modules/.staging
35 verbose unlock done using /Users/Mathieu/.npm/_locks/staging-ac99cf22b64b8546.lock for /Users/Mathieu/Dropbox/angular-tutorials/angular2-nodejs-seed-project/node_modules/.staging
36 silly rollbackFailedOptional Starting
37 silly rollbackFailedOptional Finishing
38 silly runTopLevelLifecycles Starting
39 silly runTopLevelLifecycles Finishing
40 silly install printInstalled
41 warn @angular2-material/button-toggle@2.0.0-alpha.8-1 requires a peer of @angular/forms@2.0.0-rc.6 but none was installed.
42 warn @angular2-material/checkbox@2.0.0-alpha.8-1 requires a peer of @angular/forms@2.0.0-rc.6 but none was installed.
43 warn @angular2-material/core@2.0.0-alpha.8-1 requires a peer of @angular/common@^2.0.0-rc.6 but none was installed.
44 warn @angular2-material/core@2.0.0-alpha.8-1 requires a peer of @angular/core@^2.0.0-rc.6 but none was installed.
45 warn @angular2-material/icon@2.0.0-alpha.8-1 requires a peer of @angular/http@2.0.0-rc.6 but none was installed.
46 warn @angular2-material/input@2.0.0-alpha.8-1 requires a peer of @angular/forms@2.0.0-rc.6 but none was installed.
47 warn @angular2-material/radio@2.0.0-alpha.8-1 requires a peer of @angular/forms@2.0.0-rc.6 but none was installed.
48 verbose stack Error: EACCES: permission denied, mkdir '/Users/Mathieu/Dropbox/angular-tutorials/angular2-nodejs-seed-project/node_modules/.staging'
48 verbose stack     at Error (native)
49 verbose cwd /Users/Mathieu/Dropbox/angular-tutorials/angular2-nodejs-seed-project
50 error Darwin 16.0.0
51 error argv "/usr/local/bin/node" "/usr/local/bin/npm" "install"
52 error node v6.1.0
53 error npm  v3.8.6
54 error path /Users/Mathieu/Dropbox/angular-tutorials/angular2-nodejs-seed-project/node_modules/.staging
55 error code EACCES
56 error errno -13
57 error syscall mkdir
58 error Error: EACCES: permission denied, mkdir '/Users/Mathieu/Dropbox/angular-tutorials/angular2-nodejs-seed-project/node_modules/.staging'
58 error     at Error (native)
58 error  { Error: EACCES: permission denied, mkdir '/Users/Mathieu/Dropbox/angular-tutorials/angular2-nodejs-seed-project/node_modules/.staging'
58 error     at Error (native)
58 error   errno: -13,
58 error   code: 'EACCES',
58 error   syscall: 'mkdir',
58 error   path: '/Users/Mathieu/Dropbox/angular-tutorials/angular2-nodejs-seed-project/node_modules/.staging' }
59 error Please try running this command again as root/Administrator.
60 verbose exit [ -13, true ]
